{"/Users/sirawit0676/Desktop/Projects/js-leet-code/src/arrays/contain-dupplicate.ts": {"path":"/Users/sirawit0676/Desktop/Projects/js-leet-code/src/arrays/contain-dupplicate.ts","statementMap":{"0":{"start":{"line":1,"column":0},"end":{"line":1,"column":24}},"1":{"start":{"line":2,"column":47},"end":{"line":2,"column":49}},"2":{"start":{"line":3,"column":4},"end":{"line":10,"column":5}},"3":{"start":{"line":3,"column":17},"end":{"line":3,"column":18}},"4":{"start":{"line":4,"column":20},"end":{"line":4,"column":27}},"5":{"start":{"line":5,"column":8},"end":{"line":9,"column":9}},"6":{"start":{"line":6,"column":12},"end":{"line":6,"column":null}},"7":{"start":{"line":8,"column":12},"end":{"line":8,"column":null}},"8":{"start":{"line":11,"column":4},"end":{"line":11,"column":null}}},"fnMap":{"0":{"name":"ContainDuplicate","decl":{"start":{"line":1,"column":24},"end":{"line":1,"column":40}},"loc":{"start":{"line":1,"column":55},"end":{"line":12,"column":1}}}},"branchMap":{"0":{"loc":{"start":{"line":5,"column":8},"end":{"line":9,"column":9}},"type":"if","locations":[{"start":{"line":5,"column":8},"end":{"line":9,"column":9}},{"start":{"line":7,"column":15},"end":{"line":9,"column":9}}]}},"s":{"0":1,"1":7,"2":7,"3":7,"4":200013,"5":200013,"6":3,"7":200010,"8":4},"f":{"0":7},"b":{"0":[3,200010]}}
,"/Users/sirawit0676/Desktop/Projects/js-leet-code/src/arrays/two-sums.ts": {"path":"/Users/sirawit0676/Desktop/Projects/js-leet-code/src/arrays/two-sums.ts","statementMap":{"0":{"start":{"line":1,"column":0},"end":{"line":1,"column":24}},"1":{"start":{"line":3,"column":44},"end":{"line":3,"column":46}},"2":{"start":{"line":4,"column":33},"end":{"line":4,"column":35}},"3":{"start":{"line":6,"column":4},"end":{"line":14,"column":5}},"4":{"start":{"line":6,"column":24},"end":{"line":6,"column":25}},"5":{"start":{"line":7,"column":20},"end":{"line":7,"column":26}},"6":{"start":{"line":8,"column":23},"end":{"line":8,"column":35}},"7":{"start":{"line":9,"column":8},"end":{"line":12,"column":9}},"8":{"start":{"line":10,"column":12},"end":{"line":10,"column":null}},"9":{"start":{"line":11,"column":12},"end":{"line":11,"column":null}},"10":{"start":{"line":13,"column":8},"end":{"line":13,"column":null}},"11":{"start":{"line":15,"column":4},"end":{"line":15,"column":null}}},"fnMap":{"0":{"name":"TwoSums","decl":{"start":{"line":1,"column":24},"end":{"line":1,"column":31}},"loc":{"start":{"line":1,"column":66},"end":{"line":16,"column":1}}}},"branchMap":{"0":{"loc":{"start":{"line":9,"column":8},"end":{"line":12,"column":9}},"type":"if","locations":[{"start":{"line":9,"column":8},"end":{"line":12,"column":9}}]}},"s":{"0":1,"1":4,"2":4,"3":4,"4":4,"5":16,"6":16,"7":16,"8":3,"9":3,"10":16,"11":4},"f":{"0":4},"b":{"0":[3]}}
,"/Users/sirawit0676/Desktop/Projects/js-leet-code/src/dynamic-programming/climb-stairs.ts": {"path":"/Users/sirawit0676/Desktop/Projects/js-leet-code/src/dynamic-programming/climb-stairs.ts","statementMap":{"0":{"start":{"line":1,"column":0},"end":{"line":1,"column":24}},"1":{"start":{"line":2,"column":17},"end":{"line":2,"column":29}},"2":{"start":{"line":4,"column":4},"end":{"line":6,"column":5}},"3":{"start":{"line":5,"column":8},"end":{"line":5,"column":null}},"4":{"start":{"line":7,"column":4},"end":{"line":9,"column":5}},"5":{"start":{"line":7,"column":17},"end":{"line":7,"column":18}},"6":{"start":{"line":8,"column":8},"end":{"line":8,"column":null}},"7":{"start":{"line":11,"column":4},"end":{"line":11,"column":null}}},"fnMap":{"0":{"name":"climbStairs","decl":{"start":{"line":1,"column":24},"end":{"line":1,"column":35}},"loc":{"start":{"line":1,"column":45},"end":{"line":12,"column":1}}}},"branchMap":{"0":{"loc":{"start":{"line":4,"column":4},"end":{"line":6,"column":5}},"type":"if","locations":[{"start":{"line":4,"column":4},"end":{"line":6,"column":5}}]}},"s":{"0":1,"1":5,"2":5,"3":3,"4":2,"5":2,"6":43,"7":2},"f":{"0":5},"b":{"0":[3]}}
,"/Users/sirawit0676/Desktop/Projects/js-leet-code/src/dynamic-programming/robber-house.ts": {"path":"/Users/sirawit0676/Desktop/Projects/js-leet-code/src/dynamic-programming/robber-house.ts","statementMap":{"0":{"start":{"line":1,"column":0},"end":{"line":1,"column":24}},"1":{"start":{"line":2,"column":4},"end":{"line":2,"column":null}},"2":{"start":{"line":2,"column":27},"end":{"line":2,"column":null}},"3":{"start":{"line":3,"column":4},"end":{"line":3,"column":null}},"4":{"start":{"line":3,"column":27},"end":{"line":3,"column":null}},"5":{"start":{"line":4,"column":4},"end":{"line":4,"column":null}},"6":{"start":{"line":4,"column":27},"end":{"line":4,"column":null}},"7":{"start":{"line":5,"column":25},"end":{"line":5,"column":62}},"8":{"start":{"line":7,"column":4},"end":{"line":9,"column":5}},"9":{"start":{"line":7,"column":17},"end":{"line":7,"column":18}},"10":{"start":{"line":8,"column":8},"end":{"line":8,"column":null}},"11":{"start":{"line":11,"column":4},"end":{"line":11,"column":null}}},"fnMap":{"0":{"name":"rob","decl":{"start":{"line":1,"column":24},"end":{"line":1,"column":27}},"loc":{"start":{"line":1,"column":42},"end":{"line":12,"column":1}}}},"branchMap":{"0":{"loc":{"start":{"line":2,"column":4},"end":{"line":2,"column":null}},"type":"if","locations":[{"start":{"line":2,"column":4},"end":{"line":2,"column":null}}]},"1":{"loc":{"start":{"line":3,"column":4},"end":{"line":3,"column":null}},"type":"if","locations":[{"start":{"line":3,"column":4},"end":{"line":3,"column":null}}]},"2":{"loc":{"start":{"line":4,"column":4},"end":{"line":4,"column":null}},"type":"if","locations":[{"start":{"line":4,"column":4},"end":{"line":4,"column":null}}]}},"s":{"0":1,"1":4,"2":1,"3":3,"4":1,"5":2,"6":1,"7":1,"8":1,"9":1,"10":3,"11":1},"f":{"0":4},"b":{"0":[1],"1":[1],"2":[1]}}
,"/Users/sirawit0676/Desktop/Projects/js-leet-code/src/strings/is-anagram.ts": {"path":"/Users/sirawit0676/Desktop/Projects/js-leet-code/src/strings/is-anagram.ts","statementMap":{"0":{"start":{"line":1,"column":0},"end":{"line":1,"column":24}},"1":{"start":{"line":2,"column":4},"end":{"line":4,"column":5}},"2":{"start":{"line":3,"column":8},"end":{"line":3,"column":null}},"3":{"start":{"line":5,"column":42},"end":{"line":5,"column":44}},"4":{"start":{"line":6,"column":4},"end":{"line":9,"column":5}},"5":{"start":{"line":6,"column":17},"end":{"line":6,"column":18}},"6":{"start":{"line":7,"column":22},"end":{"line":7,"column":26}},"7":{"start":{"line":8,"column":8},"end":{"line":8,"column":45}},"8":{"start":{"line":11,"column":4},"end":{"line":18,"column":5}},"9":{"start":{"line":11,"column":17},"end":{"line":11,"column":18}},"10":{"start":{"line":12,"column":22},"end":{"line":12,"column":26}},"11":{"start":{"line":13,"column":8},"end":{"line":17,"column":9}},"12":{"start":{"line":14,"column":12},"end":{"line":14,"column":null}},"13":{"start":{"line":16,"column":12},"end":{"line":16,"column":null}},"14":{"start":{"line":20,"column":4},"end":{"line":20,"column":null}}},"fnMap":{"0":{"name":"IsAnagram","decl":{"start":{"line":1,"column":24},"end":{"line":1,"column":33}},"loc":{"start":{"line":1,"column":54},"end":{"line":21,"column":1}}}},"branchMap":{"0":{"loc":{"start":{"line":2,"column":4},"end":{"line":4,"column":5}},"type":"if","locations":[{"start":{"line":2,"column":4},"end":{"line":4,"column":5}}]},"1":{"loc":{"start":{"line":8,"column":23},"end":{"line":8,"column":44}},"type":"binary-expr","locations":[{"start":{"line":8,"column":23},"end":{"line":8,"column":39}},{"start":{"line":8,"column":43},"end":{"line":8,"column":44}}]},"2":{"loc":{"start":{"line":13,"column":8},"end":{"line":17,"column":9}},"type":"if","locations":[{"start":{"line":13,"column":8},"end":{"line":17,"column":9}},{"start":{"line":15,"column":15},"end":{"line":17,"column":9}}]}},"s":{"0":1,"1":4,"2":1,"3":3,"4":3,"5":3,"6":12,"7":12,"8":3,"9":3,"10":12,"11":12,"12":1,"13":11,"14":2},"f":{"0":4},"b":{"0":[1],"1":[12,9],"2":[1,11]}}
,"/Users/sirawit0676/Desktop/Projects/js-leet-code/src/strings/length-of-longest-substrings.ts": {"path":"/Users/sirawit0676/Desktop/Projects/js-leet-code/src/strings/length-of-longest-substrings.ts","statementMap":{"0":{"start":{"line":1,"column":0},"end":{"line":1,"column":24}},"1":{"start":{"line":2,"column":44},"end":{"line":2,"column":46}},"2":{"start":{"line":3,"column":22},"end":{"line":3,"column":23}},"3":{"start":{"line":4,"column":20},"end":{"line":4,"column":21}},"4":{"start":{"line":6,"column":4},"end":{"line":16,"column":5}},"5":{"start":{"line":6,"column":17},"end":{"line":6,"column":18}},"6":{"start":{"line":7,"column":24},"end":{"line":7,"column":28}},"7":{"start":{"line":9,"column":8},"end":{"line":11,"column":9}},"8":{"start":{"line":10,"column":12},"end":{"line":10,"column":null}},"9":{"start":{"line":13,"column":8},"end":{"line":13,"column":null}},"10":{"start":{"line":14,"column":8},"end":{"line":14,"column":null}},"11":{"start":{"line":18,"column":4},"end":{"line":18,"column":null}}},"fnMap":{"0":{"name":"LengthOfLongestSubstrings","decl":{"start":{"line":1,"column":24},"end":{"line":1,"column":49}},"loc":{"start":{"line":1,"column":59},"end":{"line":19,"column":1}}}},"branchMap":{"0":{"loc":{"start":{"line":9,"column":8},"end":{"line":11,"column":9}},"type":"if","locations":[{"start":{"line":9,"column":8},"end":{"line":11,"column":9}}]}},"s":{"0":1,"1":3,"2":3,"3":3,"4":3,"5":3,"6":17,"7":17,"8":3,"9":17,"10":17,"11":3},"f":{"0":3},"b":{"0":[3]}}
,"/Users/sirawit0676/Desktop/Projects/js-leet-code/src/strings/longest-palindrome-substring.ts": {"path":"/Users/sirawit0676/Desktop/Projects/js-leet-code/src/strings/longest-palindrome-substring.ts","statementMap":{"0":{"start":{"line":1,"column":0},"end":{"line":1,"column":24}},"1":{"start":{"line":2,"column":13},"end":{"line":2,"column":14}},"2":{"start":{"line":3,"column":17},"end":{"line":3,"column":18}},"3":{"start":{"line":6,"column":2},"end":{"line":14,"column":3}},"4":{"start":{"line":7,"column":17},"end":{"line":7,"column":33}},"5":{"start":{"line":8,"column":3},"end":{"line":11,"column":4}},"6":{"start":{"line":9,"column":4},"end":{"line":9,"column":24}},"7":{"start":{"line":10,"column":4},"end":{"line":10,"column":17}},"8":{"start":{"line":12,"column":3},"end":{"line":12,"column":10}},"9":{"start":{"line":13,"column":3},"end":{"line":13,"column":11}},"10":{"start":{"line":17,"column":1},"end":{"line":21,"column":2}},"11":{"start":{"line":17,"column":14},"end":{"line":17,"column":15}},"12":{"start":{"line":19,"column":2},"end":{"line":19,"column":49}},"13":{"start":{"line":20,"column":2},"end":{"line":20,"column":45}},"14":{"start":{"line":23,"column":1},"end":{"line":23,"column":42}}},"fnMap":{"0":{"name":"LongestPalindromeSubstring","decl":{"start":{"line":1,"column":24},"end":{"line":1,"column":50}},"loc":{"start":{"line":1,"column":60},"end":{"line":24,"column":1}}},"1":{"name":"findLongestPalindrome","decl":{"start":{"line":5,"column":10},"end":{"line":5,"column":31}},"loc":{"start":{"line":5,"column":75},"end":{"line":15,"column":2}}}},"branchMap":{"0":{"loc":{"start":{"line":6,"column":9},"end":{"line":6,"column":62}},"type":"binary-expr","locations":[{"start":{"line":6,"column":9},"end":{"line":6,"column":18}},{"start":{"line":6,"column":22},"end":{"line":6,"column":38}},{"start":{"line":6,"column":42},"end":{"line":6,"column":62}}]},"1":{"loc":{"start":{"line":8,"column":3},"end":{"line":11,"column":4}},"type":"if","locations":[{"start":{"line":8,"column":3},"end":{"line":11,"column":4}}]}},"s":{"0":1,"1":4,"2":4,"3":38,"4":26,"5":26,"6":8,"7":8,"8":26,"9":26,"10":4,"11":4,"12":19,"13":19,"14":4},"f":{"0":4,"1":38},"b":{"0":[64,54,42],"1":[8]}}
,"/Users/sirawit0676/Desktop/Projects/js-leet-code/src/strings/parentheses.ts": {"path":"/Users/sirawit0676/Desktop/Projects/js-leet-code/src/strings/parentheses.ts","statementMap":{"0":{"start":{"line":1,"column":0},"end":{"line":1,"column":24}},"1":{"start":{"line":2,"column":30},"end":{"line":2,"column":32}},"2":{"start":{"line":3,"column":41},"end":{"line":3,"column":73}},"3":{"start":{"line":5,"column":1},"end":{"line":12,"column":2}},"4":{"start":{"line":5,"column":14},"end":{"line":5,"column":15}},"5":{"start":{"line":6,"column":16},"end":{"line":6,"column":20}},"6":{"start":{"line":7,"column":2},"end":{"line":11,"column":3}},"7":{"start":{"line":8,"column":3},"end":{"line":8,"column":30}},"8":{"start":{"line":9,"column":9},"end":{"line":11,"column":3}},"9":{"start":{"line":10,"column":3},"end":{"line":10,"column":16}},"10":{"start":{"line":13,"column":1},"end":{"line":13,"column":27}}},"fnMap":{"0":{"name":"ValidParentheses","decl":{"start":{"line":1,"column":24},"end":{"line":1,"column":40}},"loc":{"start":{"line":1,"column":50},"end":{"line":14,"column":1}}}},"branchMap":{"0":{"loc":{"start":{"line":7,"column":2},"end":{"line":11,"column":3}},"type":"if","locations":[{"start":{"line":7,"column":2},"end":{"line":11,"column":3}},{"start":{"line":9,"column":9},"end":{"line":11,"column":3}}]},"1":{"loc":{"start":{"line":9,"column":9},"end":{"line":11,"column":3}},"type":"if","locations":[{"start":{"line":9,"column":9},"end":{"line":11,"column":3}}]}},"s":{"0":1,"1":4,"2":4,"3":4,"4":4,"5":12,"6":12,"7":7,"8":5,"9":2,"10":2},"f":{"0":4},"b":{"0":[7,5],"1":[2]}}
,"/Users/sirawit0676/Desktop/Projects/js-leet-code/src/strings/valid-palindrome.ts": {"path":"/Users/sirawit0676/Desktop/Projects/js-leet-code/src/strings/valid-palindrome.ts","statementMap":{"0":{"start":{"line":1,"column":0},"end":{"line":1,"column":24}},"1":{"start":{"line":2,"column":18},"end":{"line":2,"column":55}},"2":{"start":{"line":4,"column":12},"end":{"line":4,"column":13}},"3":{"start":{"line":5,"column":13},"end":{"line":5,"column":32}},"4":{"start":{"line":7,"column":1},"end":{"line":13,"column":2}},"5":{"start":{"line":8,"column":2},"end":{"line":10,"column":3}},"6":{"start":{"line":9,"column":3},"end":{"line":9,"column":16}},"7":{"start":{"line":11,"column":2},"end":{"line":11,"column":9}},"8":{"start":{"line":12,"column":2},"end":{"line":12,"column":10}},"9":{"start":{"line":14,"column":1},"end":{"line":14,"column":13}}},"fnMap":{"0":{"name":"ValidPalidrome","decl":{"start":{"line":1,"column":24},"end":{"line":1,"column":38}},"loc":{"start":{"line":1,"column":48},"end":{"line":15,"column":1}}}},"branchMap":{"0":{"loc":{"start":{"line":8,"column":2},"end":{"line":10,"column":3}},"type":"if","locations":[{"start":{"line":8,"column":2},"end":{"line":10,"column":3}}]}},"s":{"0":1,"1":2,"2":2,"3":2,"4":2,"5":2,"6":1,"7":1,"8":1,"9":1},"f":{"0":2},"b":{"0":[1]}}
}
