TN:
SF:arrays/contain-dupplicate.ts
FN:1,ContainDuplicate
FNF:1
FNH:1
FNDA:7,ContainDuplicate
DA:1,1
DA:2,7
DA:3,7
DA:4,200013
DA:5,200013
DA:6,3
DA:8,200010
DA:11,4
LF:8
LH:8
BRDA:5,0,0,3
BRDA:5,0,1,200010
BRF:2
BRH:2
end_of_record
TN:
SF:arrays/two-sums.ts
FN:1,TwoSums
FNF:1
FNH:1
FNDA:4,TwoSums
DA:1,1
DA:3,4
DA:4,4
DA:6,4
DA:7,16
DA:8,16
DA:9,16
DA:10,3
DA:11,3
DA:13,16
DA:15,4
LF:11
LH:11
BRDA:9,0,0,3
BRF:1
BRH:1
end_of_record
TN:
SF:dynamic-programming/climb-stairs.ts
FN:1,climbStairs
FNF:1
FNH:1
FNDA:5,climbStairs
DA:1,1
DA:2,5
DA:4,5
DA:5,3
DA:7,2
DA:8,43
DA:11,2
LF:7
LH:7
BRDA:4,0,0,3
BRF:1
BRH:1
end_of_record
TN:
SF:dynamic-programming/robber-house.ts
FN:1,rob
FNF:1
FNH:1
FNDA:4,rob
DA:1,1
DA:2,4
DA:3,3
DA:4,2
DA:5,1
DA:7,1
DA:8,3
DA:11,1
LF:8
LH:8
BRDA:2,0,0,1
BRDA:3,1,0,1
BRDA:4,2,0,1
BRF:3
BRH:3
end_of_record
TN:
SF:strings/is-anagram.ts
FN:1,isAnagram
FNF:1
FNH:1
FNDA:4,isAnagram
DA:1,1
DA:2,4
DA:3,1
DA:5,3
DA:6,3
DA:7,12
DA:8,12
DA:11,3
DA:12,12
DA:13,12
DA:14,1
DA:16,11
DA:20,2
LF:13
LH:13
BRDA:2,0,0,1
BRDA:8,1,0,12
BRDA:8,1,1,9
BRDA:13,2,0,1
BRDA:13,2,1,11
BRF:5
BRH:5
end_of_record
TN:
SF:strings/length-of-longest-substrings.ts
FN:1,lengthOfLongestSubstrings
FNF:1
FNH:1
FNDA:3,lengthOfLongestSubstrings
DA:1,1
DA:2,3
DA:3,3
DA:4,3
DA:6,3
DA:7,17
DA:9,17
DA:10,3
DA:13,17
DA:14,17
DA:18,3
LF:11
LH:11
BRDA:9,0,0,3
BRF:1
BRH:1
end_of_record
TN:
SF:strings/longest-palindrome-substring.ts
FN:2,LongestPalindromeSubstring
FN:6,findLongestPalindrome
FNF:2
FNH:2
FNDA:4,LongestPalindromeSubstring
FNDA:38,findLongestPalindrome
DA:2,1
DA:3,4
DA:4,4
DA:7,38
DA:8,26
DA:9,26
DA:10,8
DA:11,8
DA:13,26
DA:14,26
DA:18,4
DA:20,19
DA:21,19
DA:24,4
LF:14
LH:14
BRDA:7,0,0,64
BRDA:7,0,1,54
BRDA:7,0,2,42
BRDA:9,1,0,8
BRF:4
BRH:4
end_of_record
TN:
SF:strings/parentheses.ts
FN:1,ValidParentheses
FNF:1
FNH:1
FNDA:4,ValidParentheses
DA:1,1
DA:2,4
DA:3,4
DA:5,4
DA:6,12
DA:7,12
DA:8,7
DA:9,5
DA:10,2
DA:13,2
LF:10
LH:10
BRDA:7,0,0,7
BRDA:7,0,1,5
BRDA:9,1,0,2
BRF:3
BRH:3
end_of_record
TN:
SF:strings/valid-palindrome.ts
FN:1,ValidPalidrome
FNF:1
FNH:1
FNDA:2,ValidPalidrome
DA:1,1
DA:2,2
DA:4,2
DA:5,2
DA:7,2
DA:8,2
DA:9,1
DA:11,1
DA:12,1
DA:14,1
LF:10
LH:10
BRDA:8,0,0,1
BRF:1
BRH:1
end_of_record
